

*******************************************************************************
Wed Jun 28 12:32:03 2023


FIT:    data read from 'data_times.txt'
        format = z
        #datapoints = 5
        residuals are weighted equally (unit weight)

function used for fitting: f(x)
	f(x) = a*x**3 + b*x**2 + c*x + d
fitted parameters initialized with current variable values

  12 9.6797240262e-08  -1.55e-04  5.04e-05    8.333619e-09   2.530087e-09  -3.577825e-05   3.050499e-02

After 12 iterations the fit converged.
final sum of squares of residuals : 9.67972e-08
rel. change during last iteration : -1.55054e-09

degrees of freedom    (FIT_NDF)                        : 1
rms of residuals      (FIT_STDFIT) = sqrt(WSSR/ndf)    : 0.000311123
variance of residuals (reduced chisquare) = WSSR/ndf   : 9.67972e-08

Final set of parameters            Asymptotic Standard Error
=======================            ==========================
a               = 8.33362e-09      +/- 2.918e-11    (0.3501%)
b               = 2.53009e-09      +/- 2.714e-08    (1073%)
c               = -3.57782e-05     +/- 6.492e-06    (18.15%)
d               = 0.030505         +/- 0.0003126    (1.025%)

correlation matrix of the fit parameters:
                a      b      c      d      
a               1.000 
b              -0.989  1.000 
c               0.925 -0.969  1.000 
d              -0.558  0.623 -0.743  1.000 
