

*******************************************************************************
Thu Jun 15 16:21:03 2023


FIT:    data read from "diagtimes.txt" using 1:2
        format = x:z
        #datapoints = 11
        residuals are weighted equally (unit weight)

function used for fitting: f(x)
	f(x) = a*x*x*x
fitted parameters initialized with current variable values

iter      chisq       delta/lim  lambda   a            
   0 4.6107689144e+14   0.00e+00  6.47e+06    1.000000e+00
   4 6.1153329631e+03  -3.57e-03  6.47e+02    9.883498e-05

After 4 iterations the fit converged.
final sum of squares of residuals : 6115.33
rel. change during last iteration : -3.56963e-08

degrees of freedom    (FIT_NDF)                        : 10
rms of residuals      (FIT_STDFIT) = sqrt(WSSR/ndf)    : 24.7292
variance of residuals (reduced chisquare) = WSSR/ndf   : 611.533

Final set of parameters            Asymptotic Standard Error
=======================            ==========================
a               = 9.8835e-05       +/- 1.152e-06    (1.165%)


*******************************************************************************
Thu Jun 15 16:22:06 2023


FIT:    data read from "diagtimes.txt" using 1:2
        format = x:z
        #datapoints = 11
        residuals are weighted equally (unit weight)

function used for fitting: f(x)
	f(x) = a*x*x*x
fitted parameters initialized with current variable values

iter      chisq       delta/lim  lambda   a            
   0 4.6107689144e+14   0.00e+00  6.47e+06    1.000000e+00
   4 6.1153329631e+03  -3.57e-03  6.47e+02    9.883498e-05

After 4 iterations the fit converged.
final sum of squares of residuals : 6115.33
rel. change during last iteration : -3.56963e-08

degrees of freedom    (FIT_NDF)                        : 10
rms of residuals      (FIT_STDFIT) = sqrt(WSSR/ndf)    : 24.7292
variance of residuals (reduced chisquare) = WSSR/ndf   : 611.533

Final set of parameters            Asymptotic Standard Error
=======================            ==========================
a               = 9.8835e-05       +/- 1.152e-06    (1.165%)


*******************************************************************************
Thu Jun 15 16:22:06 2023


FIT:    data read from "diagtimes.txt" using 1:3
        format = x:z
        #datapoints = 11
        residuals are weighted equally (unit weight)

function used for fitting: g(x)
	g(x) = b*x*x*x
fitted parameters initialized with current variable values

iter      chisq       delta/lim  lambda   b            
   0 4.6110716666e+14   0.00e+00  6.47e+06    1.000000e+00
   4 4.9073524610e+03  -4.45e-03  6.47e+02    6.600778e-05

After 4 iterations the fit converged.
final sum of squares of residuals : 4907.35
rel. change during last iteration : -4.44861e-08

degrees of freedom    (FIT_NDF)                        : 10
rms of residuals      (FIT_STDFIT) = sqrt(WSSR/ndf)    : 22.1525
variance of residuals (reduced chisquare) = WSSR/ndf   : 490.735

Final set of parameters            Asymptotic Standard Error
=======================            ==========================
b               = 6.60078e-05      +/- 1.032e-06    (1.563%)


*******************************************************************************
Thu Jun 15 16:22:59 2023


FIT:    data read from "diagtimes.txt" using 1:2
        format = x:z
        #datapoints = 11
        residuals are weighted equally (unit weight)

function used for fitting: f(x)
	f(x) = a*x*x*x
fitted parameters initialized with current variable values

iter      chisq       delta/lim  lambda   a            
   0 4.6107689144e+14   0.00e+00  6.47e+06    1.000000e+00
   4 6.1153329631e+03  -3.57e-03  6.47e+02    9.883498e-05

After 4 iterations the fit converged.
final sum of squares of residuals : 6115.33
rel. change during last iteration : -3.56963e-08

degrees of freedom    (FIT_NDF)                        : 10
rms of residuals      (FIT_STDFIT) = sqrt(WSSR/ndf)    : 24.7292
variance of residuals (reduced chisquare) = WSSR/ndf   : 611.533

Final set of parameters            Asymptotic Standard Error
=======================            ==========================
a               = 9.8835e-05       +/- 1.152e-06    (1.165%)


*******************************************************************************
Thu Jun 15 16:22:59 2023


FIT:    data read from "diagtimes.txt" using 1:3
        format = x:z
        #datapoints = 11
        residuals are weighted equally (unit weight)

function used for fitting: g(x)
	g(x) = b*x*x*x
fitted parameters initialized with current variable values

iter      chisq       delta/lim  lambda   b            
   0 4.6110716666e+14   0.00e+00  6.47e+06    1.000000e+00
   4 4.9073524610e+03  -4.45e-03  6.47e+02    6.600778e-05

After 4 iterations the fit converged.
final sum of squares of residuals : 4907.35
rel. change during last iteration : -4.44861e-08

degrees of freedom    (FIT_NDF)                        : 10
rms of residuals      (FIT_STDFIT) = sqrt(WSSR/ndf)    : 22.1525
variance of residuals (reduced chisquare) = WSSR/ndf   : 490.735

Final set of parameters            Asymptotic Standard Error
=======================            ==========================
b               = 6.60078e-05      +/- 1.032e-06    (1.563%)


*******************************************************************************
Thu Jun 15 16:24:48 2023


FIT:    data read from "diagtimes.txt" using 1:2
        format = x:z
        #datapoints = 11
        residuals are weighted equally (unit weight)

function used for fitting: f(x)
	f(x) = a*x*x*x
fitted parameters initialized with current variable values

   4 6.1153329631e+03  -3.57e-03  6.47e+02    9.883498e-05

After 4 iterations the fit converged.
final sum of squares of residuals : 6115.33
rel. change during last iteration : -3.56963e-08

degrees of freedom    (FIT_NDF)                        : 10
rms of residuals      (FIT_STDFIT) = sqrt(WSSR/ndf)    : 24.7292
variance of residuals (reduced chisquare) = WSSR/ndf   : 611.533

Final set of parameters            Asymptotic Standard Error
=======================            ==========================
a               = 9.8835e-05       +/- 1.152e-06    (1.165%)


*******************************************************************************
Thu Jun 15 16:24:48 2023


FIT:    data read from "diagtimes.txt" using 1:3
        format = x:z
        #datapoints = 11
        residuals are weighted equally (unit weight)

function used for fitting: g(x)
	g(x) = b*x*x*x
fitted parameters initialized with current variable values

   4 4.9073524610e+03  -4.45e-03  6.47e+02    6.600778e-05

After 4 iterations the fit converged.
final sum of squares of residuals : 4907.35
rel. change during last iteration : -4.44861e-08

degrees of freedom    (FIT_NDF)                        : 10
rms of residuals      (FIT_STDFIT) = sqrt(WSSR/ndf)    : 22.1525
variance of residuals (reduced chisquare) = WSSR/ndf   : 490.735

Final set of parameters            Asymptotic Standard Error
=======================            ==========================
b               = 6.60078e-05      +/- 1.032e-06    (1.563%)


*******************************************************************************
Thu Jun 15 16:25:12 2023


FIT:    data read from "diagtimes.txt" using 1:2
        format = x:z
        #datapoints = 11
        residuals are weighted equally (unit weight)

function used for fitting: f(x)
	f(x) = a*x*x*x
fitted parameters initialized with current variable values

   4 2.2451674304e+04  -9.72e-04  6.47e+02    9.902501e-05

After 4 iterations the fit converged.
final sum of squares of residuals : 22451.7
rel. change during last iteration : -9.72286e-09

degrees of freedom    (FIT_NDF)                        : 10
rms of residuals      (FIT_STDFIT) = sqrt(WSSR/ndf)    : 47.3832
variance of residuals (reduced chisquare) = WSSR/ndf   : 2245.17

Final set of parameters            Asymptotic Standard Error
=======================            ==========================
a               = 9.9025e-05       +/- 2.206e-06    (2.228%)


*******************************************************************************
Thu Jun 15 16:25:12 2023


FIT:    data read from "diagtimes.txt" using 1:3
        format = x:z
        #datapoints = 11
        residuals are weighted equally (unit weight)

function used for fitting: g(x)
	g(x) = b*x*x*x
fitted parameters initialized with current variable values

   4 1.8205709373e+04  -1.20e-03  6.47e+02    6.479115e-05

After 4 iterations the fit converged.
final sum of squares of residuals : 18205.7
rel. change during last iteration : -1.19913e-08

degrees of freedom    (FIT_NDF)                        : 10
rms of residuals      (FIT_STDFIT) = sqrt(WSSR/ndf)    : 42.6681
variance of residuals (reduced chisquare) = WSSR/ndf   : 1820.57

Final set of parameters            Asymptotic Standard Error
=======================            ==========================
b               = 6.47912e-05      +/- 1.987e-06    (3.067%)


*******************************************************************************
Wed Jun 28 12:20:53 2023


FIT:    data read from "diagtimes.txt" using 1:2
        format = x:z
        #datapoints = 11
        residuals are weighted equally (unit weight)

function used for fitting: f(x)
	f(x) = a*x*x*x
fitted parameters initialized with current variable values

   4 9.0867971142e+03  -2.40e-03  6.47e+02    9.249402e-05

After 4 iterations the fit converged.
final sum of squares of residuals : 9086.8
rel. change during last iteration : -2.40236e-08

degrees of freedom    (FIT_NDF)                        : 10
rms of residuals      (FIT_STDFIT) = sqrt(WSSR/ndf)    : 30.1443
variance of residuals (reduced chisquare) = WSSR/ndf   : 908.68

Final set of parameters            Asymptotic Standard Error
=======================            ==========================
a               = 9.2494e-05       +/- 1.404e-06    (1.518%)


*******************************************************************************
Wed Jun 28 12:20:53 2023


FIT:    data read from "diagtimes.txt" using 1:3
        format = x:z
        #datapoints = 11
        residuals are weighted equally (unit weight)

function used for fitting: g(x)
	g(x) = b*x*x*x
fitted parameters initialized with current variable values

   4 9.1863166332e+02  -2.38e-02  6.47e+02    6.213654e-05

After 4 iterations the fit converged.
final sum of squares of residuals : 918.632
rel. change during last iteration : -2.37648e-07

degrees of freedom    (FIT_NDF)                        : 10
rms of residuals      (FIT_STDFIT) = sqrt(WSSR/ndf)    : 9.58453
variance of residuals (reduced chisquare) = WSSR/ndf   : 91.8632

Final set of parameters            Asymptotic Standard Error
=======================            ==========================
b               = 6.21365e-05      +/- 4.463e-07    (0.7183%)


*******************************************************************************
Wed Jun 28 12:21:49 2023


FIT:    data read from "diagtimes.txt" using 1:2
        format = x:z
        #datapoints = 11
        residuals are weighted equally (unit weight)

function used for fitting: f(x)
	f(x) = a*x*x*x
fitted parameters initialized with current variable values

   4 1.0418226841e+04  -2.10e-03  6.47e+02    9.718137e-05

After 4 iterations the fit converged.
final sum of squares of residuals : 10418.2
rel. change during last iteration : -2.09532e-08

degrees of freedom    (FIT_NDF)                        : 10
rms of residuals      (FIT_STDFIT) = sqrt(WSSR/ndf)    : 32.2773
variance of residuals (reduced chisquare) = WSSR/ndf   : 1041.82

Final set of parameters            Asymptotic Standard Error
=======================            ==========================
a               = 9.71814e-05      +/- 1.503e-06    (1.547%)


*******************************************************************************
Wed Jun 28 12:21:49 2023


FIT:    data read from "diagtimes.txt" using 1:3
        format = x:z
        #datapoints = 11
        residuals are weighted equally (unit weight)

function used for fitting: g(x)
	g(x) = b*x*x*x
fitted parameters initialized with current variable values

   4 3.9848600781e+03  -5.48e-03  6.47e+02    6.454212e-05

After 4 iterations the fit converged.
final sum of squares of residuals : 3984.86
rel. change during last iteration : -5.47847e-08

degrees of freedom    (FIT_NDF)                        : 10
rms of residuals      (FIT_STDFIT) = sqrt(WSSR/ndf)    : 19.9621
variance of residuals (reduced chisquare) = WSSR/ndf   : 398.486

Final set of parameters            Asymptotic Standard Error
=======================            ==========================
b               = 6.45421e-05      +/- 9.296e-07    (1.44%)


*******************************************************************************
Wed Jun 28 12:22:27 2023


FIT:    data read from "diagtimes.txt" using 1:2
        format = x:z
        #datapoints = 11
        residuals are weighted equally (unit weight)

function used for fitting: f(x)
	f(x) = a*x*x*x
fitted parameters initialized with current variable values

   4 9.7907425524e+03  -2.23e-03  6.47e+02    1.037621e-04

After 4 iterations the fit converged.
final sum of squares of residuals : 9790.74
rel. change during last iteration : -2.22958e-08

degrees of freedom    (FIT_NDF)                        : 10
rms of residuals      (FIT_STDFIT) = sqrt(WSSR/ndf)    : 31.2902
variance of residuals (reduced chisquare) = WSSR/ndf   : 979.074

Final set of parameters            Asymptotic Standard Error
=======================            ==========================
a               = 0.000103762      +/- 1.457e-06    (1.404%)


*******************************************************************************
Wed Jun 28 12:22:27 2023


FIT:    data read from "diagtimes.txt" using 1:3
        format = x:z
        #datapoints = 11
        residuals are weighted equally (unit weight)

function used for fitting: g(x)
	g(x) = b*x*x*x
fitted parameters initialized with current variable values

   4 1.8765191027e+03  -1.16e-02  6.47e+02    6.312024e-05

After 4 iterations the fit converged.
final sum of squares of residuals : 1876.52
rel. change during last iteration : -1.16338e-07

degrees of freedom    (FIT_NDF)                        : 10
rms of residuals      (FIT_STDFIT) = sqrt(WSSR/ndf)    : 13.6986
variance of residuals (reduced chisquare) = WSSR/ndf   : 187.652

Final set of parameters            Asymptotic Standard Error
=======================            ==========================
b               = 6.31202e-05      +/- 6.379e-07    (1.011%)
